LOG OF Soccer_720p_2_500k_360_exp1 SURVEY RESULTS

########
#GRADES#
########

RAW GRADES:
[5. 5. 5. 5. 5. 5. 5. 5. 5. 5. 5. 5. 5. 5. 5. 5. 5. 5. 5. 5. 5. 5. 5. 5.
 5. 5. 5. 5. 5. 5.]
[1. 1. 1. 1. 1. 1. 1. 1. 1. 1. 1. 1. 1. 1. 1. 1. 1. 1. 1. 1. 1. 1. 1. 1.
 1. 1. 1. 1. 1. 1.]
[1. 1. 2. 2. 3. 1. 3. 2. 1. 1. 3. 1. 1. 3. 3. 2. 3. 2. 2. 3. 1. 2. 2. 5.
 2. 1. 2. 5. 2. 2.]
[1. 1. 2. 3. 3. 1. 2. 1. 1. 1. 2. 1. 3. 2. 3. 2. 3. 2. 2. 1. 2. 2. 2. 3.
 1. 1. 2. 5. 1. 3.]
MEAN:
[5.    1.    2.133 1.967]
STANDARD ERROR:
[0.    0.    0.193 0.173]

STANDARDIZED GRADES:
[1.732 1.732 1.667 1.521 1.414 1.732 1.521 1.677 1.732 1.732 1.521 1.732
 1.508 1.521 1.414 1.667 1.414 1.667 1.667 1.508 1.677 1.667 1.667 0.905
 1.677 1.732 1.667 0.577 1.677 1.521]
[-0.577 -0.577 -1.    -1.183 -1.414 -0.577 -1.183 -0.762 -0.577 -0.577
 -1.183 -0.577 -0.905 -1.183 -1.414 -1.    -1.414 -1.    -1.    -0.905
 -0.762 -1.    -1.    -1.508 -0.762 -0.577 -1.    -1.732 -0.762 -1.183]
[-0.577 -0.577 -0.333 -0.507  0.    -0.577  0.169 -0.152 -0.577 -0.577
  0.169 -0.577 -0.905  0.169  0.    -0.333  0.    -0.333 -0.333  0.302
 -0.762 -0.333 -0.333  0.905 -0.152 -0.577 -0.333  0.577 -0.152 -0.507]
[-0.577 -0.577 -0.333  0.169  0.    -0.577 -0.507 -0.762 -0.577 -0.577
 -0.507 -0.577  0.302 -0.507  0.    -0.333  0.    -0.333 -0.333 -0.905
 -0.152 -0.333 -0.333 -0.302 -0.762 -0.577 -0.333  0.577 -0.762  0.169]
MEAN:
[ 1.562 -0.977 -0.241 -0.344]
STANDARD ERROR:
[0.045 0.057 0.072 0.062]

#############
#VIDEO ORDER#
#############

RAW ORDERS:
[1. 2. 3. 4.]
[1. 2. 3. 4.]
[1. 2. 3. 4.]
[1. 2. 4. 3.]
[1. 2. 3. 4.]
[1. 2. 4. 3.]
[1. 2. 4. 3.]
[1. 2. 3. 4.]
[1. 2. 3. 4.]
[1. 2. 3. 4.]
[1. 2. 4. 3.]
[1. 2. 3. 4.]
[1. 2. 4. 3.]
[1. 2. 3. 4.]
[1. 2. 4. 3.]
[1. 2. 3. 4.]
[1. 2. 3. 4.]
[1. 2. 4. 3.]
[1. 2. 4. 3.]
[1. 2. 3. 4.]
[1. 2. 4. 3.]
[1. 2. 4. 3.]
[1. 2. 4. 3.]
[1. 2. 4. 3.]
[1. 2. 3. 4.]
[1. 2. 4. 3.]
[1. 2. 4. 3.]
[1. 2. 3. 4.]
[1. 2. 3. 4.]
[1. 2. 3. 4.]

#################
#VIDEO VIEW TIME#
#################

RAW TIMES:
[ 78043.  79195.  56784.  88270.  73821.  79888.  67544. 116335.  73589.
  60754.  52568. 112924.  59368.  53889.  84191. 101232.  51393.  87146.
 175543. 113587. 295784.  98026.  58957.  61470.  87998.  79496. 100930.
  50521. 113046. 105633.]
[42135. 40954. 40439. 50129. 34378. 36555. 36789. 44074. 43583. 38998.
 31733. 92159. 37017. 32794. 50187. 58443. 34500. 32151. 81490. 34328.
 65427. 35310. 35848. 35651. 39095. 35726. 37431. 34811. 83681. 35798.]
[51840. 39009. 37297. 57121. 42878. 62891. 37486. 38368. 32868. 43246.
 30612. 32503. 38885. 75354. 45961. 59844. 33057. 34621. 92003. 53888.
 58470. 38279. 34904. 41251. 40871. 35517. 37761. 40197. 57450. 47890.]
[ 62279.  38871.  35833.  54270.  34382.  66805.  36747.  38625.  33853.
  36885.  31056.  34584.  35840.  47782.  59425.  64686.  34938.  32485.
  91195.  89353.  53728.  42095.  39824.  33033.  43150.  36754.  37848.
  36842. 173644.  36643.]
MEAN:
[90597.5   44387.133 45744.067 49781.833]

#################
#GRADE VIEW TIME#
#################

RAW TIMES:
[ 43.013  33.661  35.78   41.269  39.328  48.621  34.09   52.283  32.988
  41.973  16.898  35.455  33.432  33.2    35.596  57.778  34.205  61.384
 104.969  34.15  225.663  67.11   35.909  28.5    34.924  49.778  42.174
  33.727  61.114  70.833]
[40.338 39.304 39.379 45.881 34.026 32.974 28.652 38.414 43.343 36.863
 31.517 63.318 35.459 32.24  47.446 55.481 33.718 31.858 60.59  30.322
 62.586 34.992 35.528 33.929 37.248 34.062 34.668 33.02  81.077 33.704]
[49.683 37.368 36.155 48.944 42.548 61.477 33.4   36.646 32.518 41.232
 30.402 30.789 37.318 46.339 43.799 57.642 32.493 32.886 89.714 34.196
 55.571 37.944 34.53  30.943 38.994 33.873 34.351 38.414 54.831 35.769]
[ 60.208  37.219  34.756  34.259  33.967  64.382  32.745  36.914  33.609
  36.403  30.853  32.96   34.549  35.957  57.236  62.505  34.327  32.076
  89.205   8.68   51.359  41.752  39.223   8.266  41.025  35.089  34.899
  35.193 143.547  34.155]
MEAN:
[49.994 40.731 41.692 42.911]

###############
#DEVICE COUNTS#
###############

Desktop: 0
Laptop: 0
Tablet: 0
Smart phone: 0
Other device: 0

##################
#AGE GROUP COUNTS#
##################

18 - 24: 0
25 - 31: 0
32 - 38: 0
39 - 45: 0
46 - 52: 0
53 - 59: 0
60 and above: 0

################
#NETWORK COUNTS#
################

WiFi: 0
Cable network: 0
Cellular network: 0
Other: 0

###########
#REASONING#
###########

9652,6460,12812,7021: 25 - 31
12727,11342,15712,11572: 39 - 45
13504,7548,9405,6604: 25 - 31
13480,12586,9769,21517: 32 - 38
41951,16187,20372,9645: 32 - 38
19220,7700,33516,26306: 39 - 45
17335,14794,6184,10221: 39 - 45
65578,28673,26938,6097: 39 - 45
10532,15102,6056,4907: 60 and above
8114,13419,8411,7010: 46 - 52
10310,12476,5307,5049: 32 - 38
14495,7837,9232,8817: 32 - 38
6928,8602,7618,10603: 18 - 24
21234,11935,12376,6543: 25 - 31
16435,11890,6897,15481: 25 - 31
12574,7218,11888,8594: 32 - 38
51521,27008,15698,9208: 39 - 45
11563,7079,3845,6722: 32 - 38
116630,26563,39348,42900: 32 - 38
9155,7647,9716,4472: 39 - 45
47435,20111,36438,102024: 39 - 45
74834,24159,15216,77904: 32 - 38
19324,27870,14220,19146: 39 - 45
9578,11954,5492,9794: 32 - 38
8034,7034,10642,9605: 25 - 31
23447,33520,6846,13337: 32 - 38
22877,7431,8666,18666: 32 - 38
7675,5465,7094,5190: 25 - 31
22488,61942,36703,10458: 39 - 45
17084,6719,9452,9660: 32 - 38
